[ 2018-01-28T11:25:42+08:00 ] 127.0.0.1 /imewis/msugg?ifc=4&em=4
INFO: [ app_init ] --START--
INFO: Run Behavior\BuildLiteBehavior [ RunTime:0.000000s ]
INFO: [ app_init ] --END-- [ RunTime:0.001000s ]
ERR: 无法加载模块:Imewis

[ 2018-01-28T11:25:43+08:00 ] 127.0.0.1 /imewis/msugg?ifc=4&em=4
INFO: [ app_init ] --START--
INFO: Run Behavior\BuildLiteBehavior [ RunTime:0.000000s ]
INFO: [ app_init ] --END-- [ RunTime:0.001000s ]
ERR: 无法加载模块:Imewis

[ 2018-01-28T11:25:43+08:00 ] 127.0.0.1 /imewis/msugg?ifc=4&em=4
INFO: [ app_init ] --START--
INFO: Run Behavior\BuildLiteBehavior [ RunTime:0.000000s ]
INFO: [ app_init ] --END-- [ RunTime:0.001000s ]
ERR: 无法加载模块:Imewis

[ 2018-01-28T11:25:44+08:00 ] 127.0.0.1 /imewis/msugg?ifc=4&em=4
INFO: [ app_init ] --START--
INFO: Run Behavior\BuildLiteBehavior [ RunTime:0.000000s ]
INFO: [ app_init ] --END-- [ RunTime:0.001000s ]
ERR: 无法加载模块:Imewis

[ 2018-01-28T11:25:44+08:00 ] 127.0.0.1 /imewis/msugg?ifc=4&em=4
INFO: [ app_init ] --START--
INFO: Run Behavior\BuildLiteBehavior [ RunTime:0.000000s ]
INFO: [ app_init ] --END-- [ RunTime:0.000000s ]
ERR: 无法加载模块:Imewis

[ 2018-01-28T11:25:45+08:00 ] 127.0.0.1 /imewis/msugg?ifc=4&em=4
INFO: [ app_init ] --START--
INFO: Run Behavior\BuildLiteBehavior [ RunTime:0.000000s ]
INFO: [ app_init ] --END-- [ RunTime:0.000000s ]
ERR: 无法加载模块:Imewis

[ 2018-01-28T11:25:45+08:00 ] 127.0.0.1 /imewis/msugg?ifc=4&em=4
INFO: [ app_init ] --START--
INFO: Run Behavior\BuildLiteBehavior [ RunTime:0.000000s ]
INFO: [ app_init ] --END-- [ RunTime:0.000000s ]
ERR: 无法加载模块:Imewis

[ 2018-01-28T11:25:45+08:00 ] 127.0.0.1 /imewis/msugg?ifc=4&em=4
INFO: [ app_init ] --START--
INFO: Run Behavior\BuildLiteBehavior [ RunTime:0.000000s ]
INFO: [ app_init ] --END-- [ RunTime:0.000000s ]
ERR: 无法加载模块:Imewis

[ 2018-01-28T11:25:46+08:00 ] 127.0.0.1 /imewis/msugg?ifc=4&em=4
INFO: [ app_init ] --START--
INFO: Run Behavior\BuildLiteBehavior [ RunTime:0.000000s ]
INFO: [ app_init ] --END-- [ RunTime:0.000000s ]
ERR: 无法加载模块:Imewis

[ 2018-01-28T11:25:46+08:00 ] 127.0.0.1 /imewis/msugg?ifc=4&em=4
INFO: [ app_init ] --START--
INFO: Run Behavior\BuildLiteBehavior [ RunTime:0.000000s ]
INFO: [ app_init ] --END-- [ RunTime:0.001000s ]
ERR: 无法加载模块:Imewis

[ 2018-01-28T11:30:43+08:00 ] 127.0.0.1 /imewis/msugg?ifc=4&em=4
INFO: [ app_init ] --START--
INFO: Run Behavior\BuildLiteBehavior [ RunTime:0.000000s ]
INFO: [ app_init ] --END-- [ RunTime:0.001000s ]
ERR: 无法加载模块:Imewis

[ 2018-01-28T11:30:43+08:00 ] 127.0.0.1 /imewis/msugg?ifc=4&em=4
INFO: [ app_init ] --START--
INFO: Run Behavior\BuildLiteBehavior [ RunTime:0.000000s ]
INFO: [ app_init ] --END-- [ RunTime:0.001000s ]
ERR: 无法加载模块:Imewis

[ 2018-01-28T11:30:43+08:00 ] 127.0.0.1 /imewis/msugg?ifc=4&em=4
INFO: [ app_init ] --START--
INFO: Run Behavior\BuildLiteBehavior [ RunTime:0.000000s ]
INFO: [ app_init ] --END-- [ RunTime:0.000000s ]
ERR: 无法加载模块:Imewis

[ 2018-01-28T11:30:44+08:00 ] 127.0.0.1 /imewis/msugg?ifc=4&em=4
INFO: [ app_init ] --START--
INFO: Run Behavior\BuildLiteBehavior [ RunTime:0.001000s ]
INFO: [ app_init ] --END-- [ RunTime:0.001000s ]
ERR: 无法加载模块:Imewis

[ 2018-01-28T11:30:44+08:00 ] 127.0.0.1 /imewis/msugg?ifc=4&em=4
INFO: [ app_init ] --START--
INFO: Run Behavior\BuildLiteBehavior [ RunTime:0.000000s ]
INFO: [ app_init ] --END-- [ RunTime:0.000000s ]
ERR: 无法加载模块:Imewis

[ 2018-01-28T11:30:45+08:00 ] 127.0.0.1 /imewis/msugg?ifc=4&em=4
INFO: [ app_init ] --START--
INFO: Run Behavior\BuildLiteBehavior [ RunTime:0.000000s ]
INFO: [ app_init ] --END-- [ RunTime:0.001000s ]
ERR: 无法加载模块:Imewis

[ 2018-01-28T11:30:45+08:00 ] 127.0.0.1 /imewis/msugg?ifc=4&em=4
INFO: [ app_init ] --START--
INFO: Run Behavior\BuildLiteBehavior [ RunTime:0.000000s ]
INFO: [ app_init ] --END-- [ RunTime:0.000000s ]
ERR: 无法加载模块:Imewis

[ 2018-01-28T11:30:46+08:00 ] 127.0.0.1 /imewis/msugg?ifc=4&em=4
INFO: [ app_init ] --START--
INFO: Run Behavior\BuildLiteBehavior [ RunTime:0.000000s ]
INFO: [ app_init ] --END-- [ RunTime:0.001000s ]
ERR: 无法加载模块:Imewis

[ 2018-01-28T11:30:46+08:00 ] 127.0.0.1 /imewis/msugg?ifc=4&em=4
INFO: [ app_init ] --START--
INFO: Run Behavior\BuildLiteBehavior [ RunTime:0.000000s ]
INFO: [ app_init ] --END-- [ RunTime:0.001000s ]
ERR: 无法加载模块:Imewis

[ 2018-01-28T11:30:46+08:00 ] 127.0.0.1 /imewis/msugg?ifc=4&em=4
INFO: [ app_init ] --START--
INFO: Run Behavior\BuildLiteBehavior [ RunTime:0.000000s ]
INFO: [ app_init ] --END-- [ RunTime:0.000000s ]
ERR: 无法加载模块:Imewis

[ 2018-01-28T11:30:47+08:00 ] 127.0.0.1 /imewis/msugg?ifc=4&em=4
INFO: [ app_init ] --START--
INFO: Run Behavior\BuildLiteBehavior [ RunTime:0.000000s ]
INFO: [ app_init ] --END-- [ RunTime:0.000000s ]
ERR: 无法加载模块:Imewis

[ 2018-01-28T11:30:47+08:00 ] 127.0.0.1 /imewis/msugg?ifc=4&em=4
INFO: [ app_init ] --START--
INFO: Run Behavior\BuildLiteBehavior [ RunTime:0.000000s ]
INFO: [ app_init ] --END-- [ RunTime:0.001000s ]
ERR: 无法加载模块:Imewis

[ 2018-01-28T11:30:48+08:00 ] 127.0.0.1 /imewis/msugg?ifc=4&em=4
INFO: [ app_init ] --START--
INFO: Run Behavior\BuildLiteBehavior [ RunTime:0.000000s ]
INFO: [ app_init ] --END-- [ RunTime:0.000000s ]
ERR: 无法加载模块:Imewis

[ 2018-01-28T11:30:48+08:00 ] 127.0.0.1 /imewis/msugg?ifc=4&em=4
INFO: [ app_init ] --START--
INFO: Run Behavior\BuildLiteBehavior [ RunTime:0.000000s ]
INFO: [ app_init ] --END-- [ RunTime:0.000000s ]
ERR: 无法加载模块:Imewis

[ 2018-01-28T11:30:48+08:00 ] 127.0.0.1 /imewis/msugg?ifc=4&em=4
INFO: [ app_init ] --START--
INFO: Run Behavior\BuildLiteBehavior [ RunTime:0.000000s ]
INFO: [ app_init ] --END-- [ RunTime:0.001000s ]
ERR: 无法加载模块:Imewis

[ 2018-01-28T11:30:49+08:00 ] 127.0.0.1 /imewis/msugg?ifc=4&em=4
INFO: [ app_init ] --START--
INFO: Run Behavior\BuildLiteBehavior [ RunTime:0.000000s ]
INFO: [ app_init ] --END-- [ RunTime:0.000000s ]
ERR: 无法加载模块:Imewis

[ 2018-01-28T11:30:49+08:00 ] 127.0.0.1 /imewis/msugg?ifc=4&em=4
INFO: [ app_init ] --START--
INFO: Run Behavior\BuildLiteBehavior [ RunTime:0.000000s ]
INFO: [ app_init ] --END-- [ RunTime:0.001000s ]
ERR: 无法加载模块:Imewis

[ 2018-01-28T11:30:50+08:00 ] 127.0.0.1 /imewis/msugg?ifc=4&em=4
INFO: [ app_init ] --START--
INFO: Run Behavior\BuildLiteBehavior [ RunTime:0.000000s ]
INFO: [ app_init ] --END-- [ RunTime:0.001000s ]
ERR: 无法加载模块:Imewis

[ 2018-01-28T11:30:50+08:00 ] 127.0.0.1 /imewis/msugg?ifc=4&em=4
INFO: [ app_init ] --START--
INFO: Run Behavior\BuildLiteBehavior [ RunTime:0.000000s ]
INFO: [ app_init ] --END-- [ RunTime:0.001000s ]
ERR: 无法加载模块:Imewis

[ 2018-01-28T11:30:51+08:00 ] 127.0.0.1 /imewis/msugg?ifc=4&em=4
INFO: [ app_init ] --START--
INFO: Run Behavior\BuildLiteBehavior [ RunTime:0.000000s ]
INFO: [ app_init ] --END-- [ RunTime:0.001000s ]
ERR: 无法加载模块:Imewis

[ 2018-01-28T11:30:51+08:00 ] 127.0.0.1 /imewis/msugg?ifc=4&em=4
INFO: [ app_init ] --START--
INFO: Run Behavior\BuildLiteBehavior [ RunTime:0.000000s ]
INFO: [ app_init ] --END-- [ RunTime:0.001000s ]
ERR: 无法加载模块:Imewis

[ 2018-01-28T11:30:51+08:00 ] 127.0.0.1 /imewis/msugg?ifc=4&em=4
INFO: [ app_init ] --START--
INFO: Run Behavior\BuildLiteBehavior [ RunTime:0.000000s ]
INFO: [ app_init ] --END-- [ RunTime:0.000000s ]
ERR: 无法加载模块:Imewis

[ 2018-01-28T11:30:52+08:00 ] 127.0.0.1 /imewis/msugg?ifc=4&em=4
INFO: [ app_init ] --START--
INFO: Run Behavior\BuildLiteBehavior [ RunTime:0.000000s ]
INFO: [ app_init ] --END-- [ RunTime:0.000000s ]
ERR: 无法加载模块:Imewis

[ 2018-01-28T11:30:52+08:00 ] 127.0.0.1 /imewis/msugg?ifc=4&em=4
INFO: [ app_init ] --START--
INFO: Run Behavior\BuildLiteBehavior [ RunTime:0.000000s ]
INFO: [ app_init ] --END-- [ RunTime:0.000000s ]
ERR: 无法加载模块:Imewis

[ 2018-01-28T11:30:53+08:00 ] 127.0.0.1 /imewis/msugg?ifc=4&em=4
INFO: [ app_init ] --START--
INFO: Run Behavior\BuildLiteBehavior [ RunTime:0.000000s ]
INFO: [ app_init ] --END-- [ RunTime:0.000000s ]
ERR: 无法加载模块:Imewis

[ 2018-01-28T11:30:53+08:00 ] 127.0.0.1 /imewis/msugg?ifc=4&em=4
INFO: [ app_init ] --START--
INFO: Run Behavior\BuildLiteBehavior [ RunTime:0.000000s ]
INFO: [ app_init ] --END-- [ RunTime:0.001000s ]
ERR: 无法加载模块:Imewis

[ 2018-01-28T11:30:53+08:00 ] 127.0.0.1 /imewis/msugg?ifc=4&em=4
INFO: [ app_init ] --START--
INFO: Run Behavior\BuildLiteBehavior [ RunTime:0.000000s ]
INFO: [ app_init ] --END-- [ RunTime:0.001000s ]
ERR: 无法加载模块:Imewis

[ 2018-01-28T15:02:32+08:00 ] 127.0.0.1 /imewis/msugg?ifc=4&em=4
INFO: [ app_init ] --START--
INFO: Run Behavior\BuildLiteBehavior [ RunTime:0.001000s ]
INFO: [ app_init ] --END-- [ RunTime:0.002000s ]
ERR: 无法加载模块:Imewis

[ 2018-01-28T15:02:33+08:00 ] 127.0.0.1 /imewis/msugg?ifc=4&em=4
INFO: [ app_init ] --START--
INFO: Run Behavior\BuildLiteBehavior [ RunTime:0.000000s ]
INFO: [ app_init ] --END-- [ RunTime:0.001000s ]
ERR: 无法加载模块:Imewis

[ 2018-01-28T15:02:33+08:00 ] 127.0.0.1 /imewis/msugg?ifc=4&em=4
INFO: [ app_init ] --START--
INFO: Run Behavior\BuildLiteBehavior [ RunTime:0.000000s ]
INFO: [ app_init ] --END-- [ RunTime:0.001000s ]
ERR: 无法加载模块:Imewis

[ 2018-01-28T15:02:33+08:00 ] 127.0.0.1 /imewis/msugg?ifc=4&em=4
INFO: [ app_init ] --START--
INFO: Run Behavior\BuildLiteBehavior [ RunTime:0.000000s ]
INFO: [ app_init ] --END-- [ RunTime:0.001000s ]
ERR: 无法加载模块:Imewis

[ 2018-01-28T15:02:34+08:00 ] 127.0.0.1 /imewis/msugg?ifc=4&em=4
INFO: [ app_init ] --START--
INFO: Run Behavior\BuildLiteBehavior [ RunTime:0.000000s ]
INFO: [ app_init ] --END-- [ RunTime:0.001000s ]
ERR: 无法加载模块:Imewis

[ 2018-01-28T15:02:34+08:00 ] 127.0.0.1 /imewis/msugg?ifc=4&em=4
INFO: [ app_init ] --START--
INFO: Run Behavior\BuildLiteBehavior [ RunTime:0.000000s ]
INFO: [ app_init ] --END-- [ RunTime:0.000000s ]
ERR: 无法加载模块:Imewis

[ 2018-01-28T15:02:35+08:00 ] 127.0.0.1 /imewis/msugg?ifc=4&em=4
INFO: [ app_init ] --START--
INFO: Run Behavior\BuildLiteBehavior [ RunTime:0.001000s ]
INFO: [ app_init ] --END-- [ RunTime:0.001000s ]
ERR: 无法加载模块:Imewis

[ 2018-01-28T15:02:35+08:00 ] 127.0.0.1 /imewis/msugg?ifc=4&em=4
INFO: [ app_init ] --START--
INFO: Run Behavior\BuildLiteBehavior [ RunTime:0.000000s ]
INFO: [ app_init ] --END-- [ RunTime:0.000000s ]
ERR: 无法加载模块:Imewis

[ 2018-01-28T15:02:35+08:00 ] 127.0.0.1 /imewis/msugg?ifc=4&em=4
INFO: [ app_init ] --START--
INFO: Run Behavior\BuildLiteBehavior [ RunTime:0.000000s ]
INFO: [ app_init ] --END-- [ RunTime:0.001000s ]
ERR: 无法加载模块:Imewis

[ 2018-01-28T15:02:36+08:00 ] 127.0.0.1 /imewis/msugg?ifc=4&em=4
INFO: [ app_init ] --START--
INFO: Run Behavior\BuildLiteBehavior [ RunTime:0.001000s ]
INFO: [ app_init ] --END-- [ RunTime:0.001000s ]
ERR: 无法加载模块:Imewis

[ 2018-01-28T15:02:36+08:00 ] 127.0.0.1 /imewis/msugg?ifc=4&em=4
INFO: [ app_init ] --START--
INFO: Run Behavior\BuildLiteBehavior [ RunTime:0.000000s ]
INFO: [ app_init ] --END-- [ RunTime:0.000000s ]
ERR: 无法加载模块:Imewis

[ 2018-01-28T15:02:37+08:00 ] 127.0.0.1 /imewis/msugg?ifc=4&em=4
INFO: [ app_init ] --START--
INFO: Run Behavior\BuildLiteBehavior [ RunTime:0.000000s ]
INFO: [ app_init ] --END-- [ RunTime:0.000000s ]
ERR: 无法加载模块:Imewis

[ 2018-01-28T15:02:37+08:00 ] 127.0.0.1 /imewis/msugg?ifc=4&em=4
INFO: [ app_init ] --START--
INFO: Run Behavior\BuildLiteBehavior [ RunTime:0.000000s ]
INFO: [ app_init ] --END-- [ RunTime:0.001000s ]
ERR: 无法加载模块:Imewis

[ 2018-01-28T15:02:38+08:00 ] 127.0.0.1 /imewis/msugg?ifc=4&em=4
INFO: [ app_init ] --START--
INFO: Run Behavior\BuildLiteBehavior [ RunTime:0.000000s ]
INFO: [ app_init ] --END-- [ RunTime:0.001000s ]
ERR: 无法加载模块:Imewis

[ 2018-01-28T15:02:38+08:00 ] 127.0.0.1 /imewis/msugg?ifc=4&em=4
INFO: [ app_init ] --START--
INFO: Run Behavior\BuildLiteBehavior [ RunTime:0.000000s ]
INFO: [ app_init ] --END-- [ RunTime:0.001000s ]
ERR: 无法加载模块:Imewis

[ 2018-01-28T15:02:38+08:00 ] 127.0.0.1 /imewis/msugg?ifc=4&em=4
INFO: [ app_init ] --START--
INFO: Run Behavior\BuildLiteBehavior [ RunTime:0.001000s ]
INFO: [ app_init ] --END-- [ RunTime:0.001000s ]
ERR: 无法加载模块:Imewis

[ 2018-01-28T15:02:39+08:00 ] 127.0.0.1 /imewis/msugg?ifc=4&em=4
INFO: [ app_init ] --START--
INFO: Run Behavior\BuildLiteBehavior [ RunTime:0.000000s ]
INFO: [ app_init ] --END-- [ RunTime:0.001000s ]
ERR: 无法加载模块:Imewis

[ 2018-01-28T15:02:39+08:00 ] 127.0.0.1 /imewis/msugg?ifc=4&em=4
INFO: [ app_init ] --START--
INFO: Run Behavior\BuildLiteBehavior [ RunTime:0.000000s ]
INFO: [ app_init ] --END-- [ RunTime:0.001000s ]
ERR: 无法加载模块:Imewis

[ 2018-01-28T15:02:40+08:00 ] 127.0.0.1 /imewis/msugg?ifc=4&em=4
INFO: [ app_init ] --START--
INFO: Run Behavior\BuildLiteBehavior [ RunTime:0.000000s ]
INFO: [ app_init ] --END-- [ RunTime:0.002000s ]
ERR: 无法加载模块:Imewis

[ 2018-01-28T15:02:40+08:00 ] 127.0.0.1 /imewis/msugg?ifc=4&em=4
INFO: [ app_init ] --START--
INFO: Run Behavior\BuildLiteBehavior [ RunTime:0.001000s ]
INFO: [ app_init ] --END-- [ RunTime:0.001000s ]
ERR: 无法加载模块:Imewis

[ 2018-01-28T15:02:41+08:00 ] 127.0.0.1 /imewis/msugg?ifc=4&em=4
INFO: [ app_init ] --START--
INFO: Run Behavior\BuildLiteBehavior [ RunTime:0.000000s ]
INFO: [ app_init ] --END-- [ RunTime:0.001000s ]
ERR: 无法加载模块:Imewis

[ 2018-01-28T18:22:07+08:00 ] 127.0.0.1 /imewis/msugg?ifc=4&em=4
INFO: [ app_init ] --START--
INFO: Run Behavior\BuildLiteBehavior [ RunTime:0.000000s ]
INFO: [ app_init ] --END-- [ RunTime:0.001000s ]
ERR: 无法加载模块:Imewis

[ 2018-01-28T18:22:08+08:00 ] 127.0.0.1 /imewis/msugg?ifc=4&em=4
INFO: [ app_init ] --START--
INFO: Run Behavior\BuildLiteBehavior [ RunTime:0.000000s ]
INFO: [ app_init ] --END-- [ RunTime:0.001000s ]
ERR: 无法加载模块:Imewis

[ 2018-01-28T18:22:08+08:00 ] 127.0.0.1 /imewis/msugg?ifc=4&em=4
INFO: [ app_init ] --START--
INFO: Run Behavior\BuildLiteBehavior [ RunTime:0.000000s ]
INFO: [ app_init ] --END-- [ RunTime:0.000000s ]
ERR: 无法加载模块:Imewis

[ 2018-01-28T18:22:08+08:00 ] 127.0.0.1 /imewis/msugg?ifc=4&em=4
INFO: [ app_init ] --START--
INFO: Run Behavior\BuildLiteBehavior [ RunTime:0.001000s ]
INFO: [ app_init ] --END-- [ RunTime:0.001000s ]
ERR: 无法加载模块:Imewis

[ 2018-01-28T18:22:09+08:00 ] 127.0.0.1 /imewis/msugg?ifc=4&em=4
INFO: [ app_init ] --START--
INFO: Run Behavior\BuildLiteBehavior [ RunTime:0.000000s ]
INFO: [ app_init ] --END-- [ RunTime:0.000000s ]
ERR: 无法加载模块:Imewis

[ 2018-01-28T18:22:09+08:00 ] 127.0.0.1 /imewis/msugg?ifc=4&em=4
INFO: [ app_init ] --START--
INFO: Run Behavior\BuildLiteBehavior [ RunTime:0.000000s ]
INFO: [ app_init ] --END-- [ RunTime:0.001000s ]
ERR: 无法加载模块:Imewis

[ 2018-01-28T18:22:10+08:00 ] 127.0.0.1 /imewis/msugg?ifc=4&em=4
INFO: [ app_init ] --START--
INFO: Run Behavior\BuildLiteBehavior [ RunTime:0.000000s ]
INFO: [ app_init ] --END-- [ RunTime:0.000000s ]
ERR: 无法加载模块:Imewis

[ 2018-01-28T18:22:10+08:00 ] 127.0.0.1 /imewis/msugg?ifc=4&em=4
INFO: [ app_init ] --START--
INFO: Run Behavior\BuildLiteBehavior [ RunTime:0.000000s ]
INFO: [ app_init ] --END-- [ RunTime:0.001001s ]
ERR: 无法加载模块:Imewis

[ 2018-01-28T18:22:11+08:00 ] 127.0.0.1 /imewis/msugg?ifc=4&em=4
INFO: [ app_init ] --START--
INFO: Run Behavior\BuildLiteBehavior [ RunTime:0.000000s ]
INFO: [ app_init ] --END-- [ RunTime:0.001000s ]
ERR: 无法加载模块:Imewis

[ 2018-01-28T18:22:11+08:00 ] 127.0.0.1 /imewis/msugg?ifc=4&em=4
INFO: [ app_init ] --START--
INFO: Run Behavior\BuildLiteBehavior [ RunTime:0.001000s ]
INFO: [ app_init ] --END-- [ RunTime:0.001000s ]
ERR: 无法加载模块:Imewis

[ 2018-01-28T18:22:11+08:00 ] 127.0.0.1 /imewis/msugg?ifc=4&em=4
INFO: [ app_init ] --START--
INFO: Run Behavior\BuildLiteBehavior [ RunTime:0.000000s ]
INFO: [ app_init ] --END-- [ RunTime:0.000000s ]
ERR: 无法加载模块:Imewis

[ 2018-01-28T18:22:12+08:00 ] 127.0.0.1 /imewis/msugg?ifc=4&em=4
INFO: [ app_init ] --START--
INFO: Run Behavior\BuildLiteBehavior [ RunTime:0.000000s ]
INFO: [ app_init ] --END-- [ RunTime:0.001000s ]
ERR: 无法加载模块:Imewis

[ 2018-01-28T18:22:12+08:00 ] 127.0.0.1 /imewis/msugg?ifc=4&em=4
INFO: [ app_init ] --START--
INFO: Run Behavior\BuildLiteBehavior [ RunTime:0.000000s ]
INFO: [ app_init ] --END-- [ RunTime:0.001000s ]
ERR: 无法加载模块:Imewis

[ 2018-01-28T18:22:13+08:00 ] 127.0.0.1 /imewis/msugg?ifc=4&em=4
INFO: [ app_init ] --START--
INFO: Run Behavior\BuildLiteBehavior [ RunTime:0.000000s ]
INFO: [ app_init ] --END-- [ RunTime:0.000000s ]
ERR: 无法加载模块:Imewis

[ 2018-01-28T18:22:13+08:00 ] 127.0.0.1 /imewis/msugg?ifc=4&em=4
INFO: [ app_init ] --START--
INFO: Run Behavior\BuildLiteBehavior [ RunTime:0.000000s ]
INFO: [ app_init ] --END-- [ RunTime:0.001000s ]
ERR: 无法加载模块:Imewis

[ 2018-01-28T18:22:13+08:00 ] 127.0.0.1 /imewis/msugg?ifc=4&em=4
INFO: [ app_init ] --START--
INFO: Run Behavior\BuildLiteBehavior [ RunTime:0.000000s ]
INFO: [ app_init ] --END-- [ RunTime:0.001000s ]
ERR: 无法加载模块:Imewis

[ 2018-01-28T18:22:14+08:00 ] 127.0.0.1 /imewis/msugg?ifc=4&em=4
INFO: [ app_init ] --START--
INFO: Run Behavior\BuildLiteBehavior [ RunTime:0.000000s ]
INFO: [ app_init ] --END-- [ RunTime:0.001000s ]
ERR: 无法加载模块:Imewis

[ 2018-01-28T18:22:14+08:00 ] 127.0.0.1 /imewis/msugg?ifc=4&em=4
INFO: [ app_init ] --START--
INFO: Run Behavior\BuildLiteBehavior [ RunTime:0.000000s ]
INFO: [ app_init ] --END-- [ RunTime:0.000000s ]
ERR: 无法加载模块:Imewis

[ 2018-01-28T18:22:15+08:00 ] 127.0.0.1 /imewis/msugg?ifc=4&em=4
INFO: [ app_init ] --START--
INFO: Run Behavior\BuildLiteBehavior [ RunTime:0.000000s ]
INFO: [ app_init ] --END-- [ RunTime:0.001001s ]
ERR: 无法加载模块:Imewis

[ 2018-01-28T18:22:15+08:00 ] 127.0.0.1 /imewis/msugg?ifc=4&em=4
INFO: [ app_init ] --START--
INFO: Run Behavior\BuildLiteBehavior [ RunTime:0.000000s ]
INFO: [ app_init ] --END-- [ RunTime:0.001000s ]
ERR: 无法加载模块:Imewis

[ 2018-01-28T18:22:16+08:00 ] 127.0.0.1 /imewis/msugg?ifc=4&em=4
INFO: [ app_init ] --START--
INFO: Run Behavior\BuildLiteBehavior [ RunTime:0.000000s ]
INFO: [ app_init ] --END-- [ RunTime:0.000000s ]
ERR: 无法加载模块:Imewis

[ 2018-01-28T18:22:16+08:00 ] 127.0.0.1 /imewis/msugg?ifc=4&em=4
INFO: [ app_init ] --START--
INFO: Run Behavior\BuildLiteBehavior [ RunTime:0.000000s ]
INFO: [ app_init ] --END-- [ RunTime:0.000000s ]
ERR: 无法加载模块:Imewis

[ 2018-01-28T18:22:16+08:00 ] 127.0.0.1 /imewis/msugg?ifc=4&em=4
INFO: [ app_init ] --START--
INFO: Run Behavior\BuildLiteBehavior [ RunTime:0.000000s ]
INFO: [ app_init ] --END-- [ RunTime:0.001000s ]
ERR: 无法加载模块:Imewis

[ 2018-01-28T18:22:17+08:00 ] 127.0.0.1 /imewis/msugg?ifc=4&em=4
INFO: [ app_init ] --START--
INFO: Run Behavior\BuildLiteBehavior [ RunTime:0.000000s ]
INFO: [ app_init ] --END-- [ RunTime:0.001000s ]
ERR: 无法加载模块:Imewis

[ 2018-01-28T18:22:17+08:00 ] 127.0.0.1 /imewis/msugg?ifc=4&em=4
INFO: [ app_init ] --START--
INFO: Run Behavior\BuildLiteBehavior [ RunTime:0.000000s ]
INFO: [ app_init ] --END-- [ RunTime:0.001000s ]
ERR: 无法加载模块:Imewis

[ 2018-01-28T18:22:18+08:00 ] 127.0.0.1 /imewis/msugg?ifc=4&em=4
INFO: [ app_init ] --START--
INFO: Run Behavior\BuildLiteBehavior [ RunTime:0.000000s ]
INFO: [ app_init ] --END-- [ RunTime:0.000000s ]
ERR: 无法加载模块:Imewis

[ 2018-01-28T18:22:18+08:00 ] 127.0.0.1 /imewis/msugg?ifc=4&em=4
INFO: [ app_init ] --START--
INFO: Run Behavior\BuildLiteBehavior [ RunTime:0.000000s ]
INFO: [ app_init ] --END-- [ RunTime:0.001000s ]
ERR: 无法加载模块:Imewis

[ 2018-01-28T18:22:19+08:00 ] 127.0.0.1 /imewis/msugg?ifc=4&em=4
INFO: [ app_init ] --START--
INFO: Run Behavior\BuildLiteBehavior [ RunTime:0.000000s ]
INFO: [ app_init ] --END-- [ RunTime:0.000000s ]
ERR: 无法加载模块:Imewis

[ 2018-01-28T18:22:19+08:00 ] 127.0.0.1 /imewis/msugg?ifc=4&em=4
INFO: [ app_init ] --START--
INFO: Run Behavior\BuildLiteBehavior [ RunTime:0.000000s ]
INFO: [ app_init ] --END-- [ RunTime:0.001000s ]
ERR: 无法加载模块:Imewis

[ 2018-01-28T18:22:19+08:00 ] 127.0.0.1 /imewis/msugg?ifc=4&em=4
INFO: [ app_init ] --START--
INFO: Run Behavior\BuildLiteBehavior [ RunTime:0.000000s ]
INFO: [ app_init ] --END-- [ RunTime:0.000000s ]
ERR: 无法加载模块:Imewis

[ 2018-01-28T18:22:20+08:00 ] 127.0.0.1 /imewis/msugg?ifc=4&em=4
INFO: [ app_init ] --START--
INFO: Run Behavior\BuildLiteBehavior [ RunTime:0.000000s ]
INFO: [ app_init ] --END-- [ RunTime:0.001000s ]
ERR: 无法加载模块:Imewis

[ 2018-01-28T18:22:20+08:00 ] 127.0.0.1 /imewis/msugg?ifc=4&em=4
INFO: [ app_init ] --START--
INFO: Run Behavior\BuildLiteBehavior [ RunTime:0.000000s ]
INFO: [ app_init ] --END-- [ RunTime:0.001000s ]
ERR: 无法加载模块:Imewis

[ 2018-01-28T18:22:21+08:00 ] 127.0.0.1 /imewis/msugg?ifc=4&em=4
INFO: [ app_init ] --START--
INFO: Run Behavior\BuildLiteBehavior [ RunTime:0.000000s ]
INFO: [ app_init ] --END-- [ RunTime:0.000000s ]
ERR: 无法加载模块:Imewis

[ 2018-01-28T18:22:21+08:00 ] 127.0.0.1 /imewis/msugg?ifc=4&em=4
INFO: [ app_init ] --START--
INFO: Run Behavior\BuildLiteBehavior [ RunTime:0.000000s ]
INFO: [ app_init ] --END-- [ RunTime:0.000000s ]
ERR: 无法加载模块:Imewis

[ 2018-01-28T18:22:21+08:00 ] 127.0.0.1 /imewis/msugg?ifc=4&em=4
INFO: [ app_init ] --START--
INFO: Run Behavior\BuildLiteBehavior [ RunTime:0.000000s ]
INFO: [ app_init ] --END-- [ RunTime:0.000000s ]
ERR: 无法加载模块:Imewis

[ 2018-01-28T18:22:22+08:00 ] 127.0.0.1 /imewis/msugg?ifc=4&em=4
INFO: [ app_init ] --START--
INFO: Run Behavior\BuildLiteBehavior [ RunTime:0.000000s ]
INFO: [ app_init ] --END-- [ RunTime:0.000000s ]
ERR: 无法加载模块:Imewis

[ 2018-01-28T18:22:22+08:00 ] 127.0.0.1 /imewis/msugg?ifc=4&em=4
INFO: [ app_init ] --START--
INFO: Run Behavior\BuildLiteBehavior [ RunTime:0.000000s ]
INFO: [ app_init ] --END-- [ RunTime:0.000000s ]
ERR: 无法加载模块:Imewis

[ 2018-01-28T18:27:23+08:00 ] 127.0.0.1 /imewis/msugg?ifc=4&em=4
INFO: [ app_init ] --START--
INFO: Run Behavior\BuildLiteBehavior [ RunTime:0.000000s ]
INFO: [ app_init ] --END-- [ RunTime:0.000000s ]
ERR: 无法加载模块:Imewis

[ 2018-01-28T18:27:23+08:00 ] 127.0.0.1 /imewis/msugg?ifc=4&em=4
INFO: [ app_init ] --START--
INFO: Run Behavior\BuildLiteBehavior [ RunTime:0.000000s ]
INFO: [ app_init ] --END-- [ RunTime:0.000000s ]
ERR: 无法加载模块:Imewis

[ 2018-01-28T18:27:24+08:00 ] 127.0.0.1 /imewis/msugg?ifc=4&em=4
INFO: [ app_init ] --START--
INFO: Run Behavior\BuildLiteBehavior [ RunTime:0.000000s ]
INFO: [ app_init ] --END-- [ RunTime:0.001000s ]
ERR: 无法加载模块:Imewis

[ 2018-01-28T18:27:24+08:00 ] 127.0.0.1 /imewis/msugg?ifc=4&em=4
INFO: [ app_init ] --START--
INFO: Run Behavior\BuildLiteBehavior [ RunTime:0.000000s ]
INFO: [ app_init ] --END-- [ RunTime:0.000000s ]
ERR: 无法加载模块:Imewis

[ 2018-01-28T18:27:25+08:00 ] 127.0.0.1 /imewis/msugg?ifc=4&em=4
INFO: [ app_init ] --START--
INFO: Run Behavior\BuildLiteBehavior [ RunTime:0.000000s ]
INFO: [ app_init ] --END-- [ RunTime:0.001000s ]
ERR: 无法加载模块:Imewis

[ 2018-01-28T18:27:25+08:00 ] 127.0.0.1 /imewis/msugg?ifc=4&em=4
INFO: [ app_init ] --START--
INFO: Run Behavior\BuildLiteBehavior [ RunTime:0.000000s ]
INFO: [ app_init ] --END-- [ RunTime:0.001000s ]
ERR: 无法加载模块:Imewis

[ 2018-01-28T18:27:25+08:00 ] 127.0.0.1 /imewis/msugg?ifc=4&em=4
INFO: [ app_init ] --START--
INFO: Run Behavior\BuildLiteBehavior [ RunTime:0.001000s ]
INFO: [ app_init ] --END-- [ RunTime:0.001000s ]
ERR: 无法加载模块:Imewis

[ 2018-01-28T18:48:06+08:00 ] 127.0.0.1 /imewis/msugg?ifc=4&em=4
INFO: [ app_init ] --START--
INFO: Run Behavior\BuildLiteBehavior [ RunTime:0.000000s ]
INFO: [ app_init ] --END-- [ RunTime:0.000000s ]
ERR: 无法加载模块:Imewis

[ 2018-01-28T18:48:06+08:00 ] 127.0.0.1 /imewis/msugg?ifc=4&em=4
INFO: [ app_init ] --START--
INFO: Run Behavior\BuildLiteBehavior [ RunTime:0.000000s ]
INFO: [ app_init ] --END-- [ RunTime:0.001000s ]
ERR: 无法加载模块:Imewis

[ 2018-01-28T18:48:07+08:00 ] 127.0.0.1 /imewis/msugg?ifc=4&em=4
INFO: [ app_init ] --START--
INFO: Run Behavior\BuildLiteBehavior [ RunTime:0.000000s ]
INFO: [ app_init ] --END-- [ RunTime:0.000000s ]
ERR: 无法加载模块:Imewis

[ 2018-01-28T18:48:07+08:00 ] 127.0.0.1 /imewis/msugg?ifc=4&em=4
INFO: [ app_init ] --START--
INFO: Run Behavior\BuildLiteBehavior [ RunTime:0.000000s ]
INFO: [ app_init ] --END-- [ RunTime:0.000000s ]
ERR: 无法加载模块:Imewis

[ 2018-01-28T18:48:08+08:00 ] 127.0.0.1 /imewis/msugg?ifc=4&em=4
INFO: [ app_init ] --START--
INFO: Run Behavior\BuildLiteBehavior [ RunTime:0.001000s ]
INFO: [ app_init ] --END-- [ RunTime:0.001000s ]
ERR: 无法加载模块:Imewis

[ 2018-01-28T18:48:11+08:00 ] 127.0.0.1 /imewis/msugg?ifc=4&em=4
INFO: [ app_init ] --START--
INFO: Run Behavior\BuildLiteBehavior [ RunTime:0.000000s ]
INFO: [ app_init ] --END-- [ RunTime:0.001000s ]
ERR: 无法加载模块:Imewis

[ 2018-01-28T18:48:15+08:00 ] 127.0.0.1 /imewis/msugg?ifc=4&em=4
INFO: [ app_init ] --START--
INFO: Run Behavior\BuildLiteBehavior [ RunTime:0.000000s ]
INFO: [ app_init ] --END-- [ RunTime:0.001000s ]
ERR: 无法加载模块:Imewis

[ 2018-01-28T18:48:16+08:00 ] 127.0.0.1 /imewis/msugg?ifc=4&em=4
INFO: [ app_init ] --START--
INFO: Run Behavior\BuildLiteBehavior [ RunTime:0.000000s ]
INFO: [ app_init ] --END-- [ RunTime:0.000000s ]
ERR: 无法加载模块:Imewis

[ 2018-01-28T18:48:16+08:00 ] 127.0.0.1 /imewis/msugg?ifc=4&em=4
INFO: [ app_init ] --START--
INFO: Run Behavior\BuildLiteBehavior [ RunTime:0.000000s ]
INFO: [ app_init ] --END-- [ RunTime:0.000000s ]
ERR: 无法加载模块:Imewis

[ 2018-01-28T18:48:16+08:00 ] 127.0.0.1 /imewis/msugg?ifc=4&em=4
INFO: [ app_init ] --START--
INFO: Run Behavior\BuildLiteBehavior [ RunTime:0.000000s ]
INFO: [ app_init ] --END-- [ RunTime:0.001000s ]
ERR: 无法加载模块:Imewis

[ 2018-01-28T18:48:17+08:00 ] 127.0.0.1 /imewis/msugg?ifc=4&em=4
INFO: [ app_init ] --START--
INFO: Run Behavior\BuildLiteBehavior [ RunTime:0.000000s ]
INFO: [ app_init ] --END-- [ RunTime:0.001000s ]
ERR: 无法加载模块:Imewis

[ 2018-01-28T22:36:00+08:00 ] 127.0.0.1 /jsp/personalcenter/pcgettime.jsp?h=8A2993CB87AC436346F305DB877D8E62&v=8.8.0.1803&r=0000__78h&St=1&Ut=1
INFO: [ app_init ] --START--
INFO: Run Behavior\BuildLiteBehavior [ RunTime:0.000000s ]
INFO: [ app_init ] --END-- [ RunTime:0.024002s ]
ERR: 无法加载模块:Jsp

